<?xml version="1.0" encoding="UTF-8"?>
<testng-results skipped="0" failed="0" total="1" passed="1">
  <reporter-output>
  </reporter-output>
  <suite name="Suite" duration-ms="52" started-at="2018-04-25T11:33:16Z" finished-at="2018-04-25T11:33:16Z">
    <groups>
    </groups>
    <test name="Test" duration-ms="52" started-at="2018-04-25T11:33:16Z" finished-at="2018-04-25T11:33:16Z">
      <class name="Testcase.NewTC01">
        <test-method status="PASS" signature="testcase01()[pri:0, instance:Testcase.NewTC01@50c87b21]" name="testcase01" duration-ms="22" started-at="2018-04-25T17:03:16Z" finished-at="2018-04-25T17:03:16Z">
          <reporter-output>
          </reporter-output>
        </test-method> <!-- testcase01 -->
      </class> <!-- Testcase.NewTC01 -->
    </test> <!-- Test -->
  </suite> <!-- Suite -->
</testng-results>
